{"E:\\Microverse_Module_2\\ToDo-list-Testing\\src\\modules\\addTodoTask.js": {"path":"E:\\Microverse_Module_2\\ToDo-list-Testing\\src\\modules\\addTodoTask.js","statementMap":{"0":{"start":{"line":2,"column":2},"end":{"line":2,"column":22}},"1":{"start":{"line":3,"column":2},"end":{"line":3,"column":18}},"2":{"start":{"line":6,"column":0},"end":{"line":6,"column":27}}},"fnMap":{"0":{"name":"addAnItem","decl":{"start":{"line":1,"column":9},"end":{"line":1,"column":18}},"loc":{"start":{"line":1,"column":35},"end":{"line":4,"column":1}},"line":1}},"branchMap":{},"s":{"0":1,"1":1,"2":1},"f":{"0":1},"b":{},"_coverageSchema":"1a1c01bbd47fc00a2c39e90264f33305004495a9","hash":"d3f2ccb4dca97b963f5c440d50b4b98976818333"}
,"E:\\Microverse_Module_2\\ToDo-list-Testing\\src\\modules\\removeToDo.js": {"path":"E:\\Microverse_Module_2\\ToDo-list-Testing\\src\\modules\\removeToDo.js","statementMap":{"0":{"start":{"line":3,"column":2},"end":{"line":3,"column":24}},"1":{"start":{"line":8,"column":2},"end":{"line":8,"column":18}},"2":{"start":{"line":11,"column":0},"end":{"line":11,"column":30}}},"fnMap":{"0":{"name":"deleteAnItem","decl":{"start":{"line":1,"column":9},"end":{"line":1,"column":21}},"loc":{"start":{"line":1,"column":35},"end":{"line":9,"column":1}},"line":1}},"branchMap":{},"s":{"0":1,"1":1,"2":1},"f":{"0":1},"b":{},"_coverageSchema":"1a1c01bbd47fc00a2c39e90264f33305004495a9","hash":"f3c8674e36f653326f235c1e51ddce13c1b0868c"}
}
