{"C:\\Users\\glori\\OneDrive\\Escritorio\\coding\\Microverse projects\\ToDo-list-Testing\\src\\modules\\addTodoTask.js": {"path":"C:\\Users\\glori\\OneDrive\\Escritorio\\coding\\Microverse projects\\ToDo-list-Testing\\src\\modules\\addTodoTask.js","statementMap":{"0":{"start":{"line":2,"column":2},"end":{"line":2,"column":22}},"1":{"start":{"line":3,"column":2},"end":{"line":3,"column":18}},"2":{"start":{"line":6,"column":0},"end":{"line":6,"column":27}}},"fnMap":{"0":{"name":"addAnItem","decl":{"start":{"line":1,"column":9},"end":{"line":1,"column":18}},"loc":{"start":{"line":1,"column":35},"end":{"line":4,"column":1}},"line":1}},"branchMap":{},"s":{"0":1,"1":1,"2":1},"f":{"0":1},"b":{},"_coverageSchema":"1a1c01bbd47fc00a2c39e90264f33305004495a9","hash":"42c5ee4dc935859a49010d7d6de9ce9e45953fe1"}
,"C:\\Users\\glori\\OneDrive\\Escritorio\\coding\\Microverse projects\\ToDo-list-Testing\\src\\modules\\removeToDo.js": {"path":"C:\\Users\\glori\\OneDrive\\Escritorio\\coding\\Microverse projects\\ToDo-list-Testing\\src\\modules\\removeToDo.js","statementMap":{"0":{"start":{"line":2,"column":15},"end":{"line":2,"column":28}},"1":{"start":{"line":3,"column":2},"end":{"line":3,"column":24}},"2":{"start":{"line":5,"column":2},"end":{"line":7,"column":3}},"3":{"start":{"line":6,"column":4},"end":{"line":6,"column":43}},"4":{"start":{"line":8,"column":2},"end":{"line":8,"column":18}},"5":{"start":{"line":11,"column":0},"end":{"line":11,"column":30}}},"fnMap":{"0":{"name":"deleteAnItem","decl":{"start":{"line":1,"column":9},"end":{"line":1,"column":21}},"loc":{"start":{"line":1,"column":35},"end":{"line":9,"column":1}},"line":1}},"branchMap":{"0":{"loc":{"start":{"line":5,"column":2},"end":{"line":7,"column":3}},"type":"if","locations":[{"start":{"line":5,"column":2},"end":{"line":7,"column":3}},{"start":{},"end":{}}],"line":5}},"s":{"0":1,"1":1,"2":1,"3":0,"4":1,"5":1},"f":{"0":1},"b":{"0":[0,1]},"_coverageSchema":"1a1c01bbd47fc00a2c39e90264f33305004495a9","hash":"05c2fa2af7697aa21bbf8985b9ec2a1892e8732f"}
}
