TN:
SF:src\modules\addTodoTask.js
FN:1,addAnItem
FNF:1
FNH:1
FNDA:1,addAnItem
DA:2,1
DA:3,1
DA:6,1
LF:3
LH:3
BRF:0
BRH:0
end_of_record
TN:
SF:src\modules\clearAll.js
FN:1,clearAllCompleted
FN:2,(anonymous_1)
FN:4,(anonymous_2)
FNF:3
FNH:3
FNDA:1,clearAllCompleted
FNDA:2,(anonymous_1)
FNDA:1,(anonymous_2)
DA:2,2
DA:3,1
DA:4,1
DA:5,1
DA:6,1
DA:8,1
DA:11,1
LF:7
LH:7
BRF:0
BRH:0
end_of_record
TN:
SF:src\modules\removeToDo.js
FN:1,deleteAnItem
FNF:1
FNH:1
FNDA:1,deleteAnItem
DA:2,1
DA:3,1
DA:6,1
LF:3
LH:3
BRF:0
BRH:0
end_of_record
TN:
SF:src\modules\updateToDo.js
FN:1,updateTodo
FNF:1
FNH:1
FNDA:1,updateTodo
DA:2,1
DA:3,1
DA:6,1
LF:3
LH:3
BRF:0
BRH:0
end_of_record
